<?xml version="1.0" encoding="UTF-8"?>
<!-- Generated by org.testng.reporters.JUnitXMLReporter -->
<testsuite ignored="0" hostname="LT-261716" failures="0" tests="3" name="Ukad-Group site demo test" time="49.857" errors="0" timestamp="28 Nov 2019 12:32:14 GMT">
  <testcase classname="com.trello.LoginTest" name="loginPageTest" time="28.422"/>
  <testcase classname="com.trello.QuickSignUpTest" name="quickSignUpTest" time="10.392"/>
  <testcase classname="com.trello.SignUpTest" name="openSignUpPageTest" time="10.889"/>
</testsuite> <!-- Ukad-Group site demo test -->
