<?xml version="1.0" encoding="UTF-8"?>
<testng-results ignored="0" total="3" passed="3" failed="0" skipped="0">
  <reporter-output>
  </reporter-output>
  <suite started-at="2019-11-28T12:31:24Z" name="Automation demo suite" finished-at="2019-11-28T12:32:14Z" duration-ms="49857">
    <groups>
    </groups>
    <test started-at="2019-11-28T12:31:24Z" name="Ukad-Group site demo test" finished-at="2019-11-28T12:32:14Z" duration-ms="49857">
      <class name="com.trello.QuickSignUpTest">
        <test-method signature="quickSignUpTest()[pri:0, instance:com.trello.QuickSignUpTest@ba1f559]" started-at="2019-11-28T12:31:53Z" name="quickSignUpTest" finished-at="2019-11-28T12:32:03Z" duration-ms="10392" status="PASS">
          <reporter-output>
          </reporter-output>
        </test-method> <!-- quickSignUpTest -->
      </class> <!-- com.trello.QuickSignUpTest -->
      <class name="com.trello.LoginTest">
        <test-method signature="loginPageTest()[pri:0, instance:com.trello.LoginTest@7fae4d4a]" started-at="2019-11-28T12:31:24Z" name="loginPageTest" finished-at="2019-11-28T12:31:52Z" duration-ms="28422" status="PASS">
          <reporter-output>
          </reporter-output>
        </test-method> <!-- loginPageTest -->
      </class> <!-- com.trello.LoginTest -->
      <class name="com.trello.SignUpTest">
        <test-method signature="openSignUpPageTest()[pri:0, instance:com.trello.SignUpTest@3f4f9acd]" started-at="2019-11-28T12:32:03Z" name="openSignUpPageTest" finished-at="2019-11-28T12:32:14Z" duration-ms="10889" status="PASS">
          <reporter-output>
          </reporter-output>
        </test-method> <!-- openSignUpPageTest -->
      </class> <!-- com.trello.SignUpTest -->
    </test> <!-- Ukad-Group site demo test -->
  </suite> <!-- Automation demo suite -->
</testng-results>
