<?xml version="1.0" encoding="UTF-8"?>
<testsuite xmlns:xsi="http://www.w3.org/2001/XMLSchema-instance" xsi:noNamespaceSchemaLocation="https://maven.apache.org/surefire/maven-surefire-plugin/xsd/surefire-test-report.xsd" name="TestSuite" time="51.427" tests="3" errors="0" skipped="0" failures="0">
  <properties>
[...]
</properties>
  <testcase name="loginPageTest" classname="com.trello.LoginTest" time="28.424"/>
  <testcase name="quickSignUpTest" classname="com.trello.QuickSignUpTest" time="10.392"/>
  <testcase name="openSignUpPageTest" classname="com.trello.SignUpTest" time="10.889"/>
</testsuite>